Отчет покрытия тестами (pytest --cov=src --cov-report=term-missing)

Name                                     Stmts   Miss  Cover
------------------------------------------------------------
tests\__init__.py                            0      0   100%
tests\conftest.py                            9      2    78%
tests\test_base_product.py                   5      0   100%
tests\test_base_product_new_product.py       3      0   100%
tests\test_category.py                      24      0   100%
tests\test_lawngrass.py                     19      0   100%
tests\test_lawngrass_main.py                 5      0   100%
tests\test_print_mixin.py                   15      0   100%
tests\test_products.py                      52      0   100%
tests\test_smartphone.py                    20      0   100%
tests\test_smartphone_main.py                7      0   100%
tests\test_utils.py                         19      0   100%
------------------------------------------------------------
TOTAL                                      178      2    99%
